{"C:\\Users\\PC USER\\Desktop\\LABORATORIA\\MD-LINKS\\LIM013-fe-md-links\\src\\options.js": {"path":"C:\\Users\\PC USER\\Desktop\\LABORATORIA\\MD-LINKS\\LIM013-fe-md-links\\src\\options.js","statementMap":{"0":{"start":{"line":1,"column":14},"end":{"line":1,"column":30}},"1":{"start":{"line":24,"column":19},"end":{"line":35,"column":1}},"2":{"start":{"line":25,"column":27},"end":{"line":25,"column":29}},"3":{"start":{"line":26,"column":2},"end":{"line":33,"column":5}},"4":{"start":{"line":27,"column":4},"end":{"line":32,"column":71}},"5":{"start":{"line":27,"column":70},"end":{"line":31,"column":5}},"6":{"start":{"line":32,"column":20},"end":{"line":32,"column":67}},"7":{"start":{"line":34,"column":2},"end":{"line":34,"column":39}},"8":{"start":{"line":53,"column":19},"end":{"line":59,"column":1}},"9":{"start":{"line":54,"column":16},"end":{"line":54,"column":18}},"10":{"start":{"line":55,"column":2},"end":{"line":55,"column":47}},"11":{"start":{"line":55,"column":22},"end":{"line":55,"column":45}},"12":{"start":{"line":56,"column":16},"end":{"line":56,"column":28}},"13":{"start":{"line":57,"column":17},"end":{"line":57,"column":43}},"14":{"start":{"line":58,"column":2},"end":{"line":58,"column":52}},"15":{"start":{"line":60,"column":22},"end":{"line":63,"column":1}},"16":{"start":{"line":61,"column":17},"end":{"line":61,"column":70}},"17":{"start":{"line":61,"column":37},"end":{"line":61,"column":62}},"18":{"start":{"line":62,"column":2},"end":{"line":62,"column":32}},"19":{"start":{"line":64,"column":0},"end":{"line":68,"column":2}}},"fnMap":{"0":{"name":"(anonymous_0)","decl":{"start":{"line":24,"column":19},"end":{"line":24,"column":20}},"loc":{"start":{"line":24,"column":32},"end":{"line":35,"column":1}},"line":24},"1":{"name":"(anonymous_1)","decl":{"start":{"line":26,"column":18},"end":{"line":26,"column":19}},"loc":{"start":{"line":26,"column":31},"end":{"line":33,"column":3}},"line":26},"2":{"name":"(anonymous_2)","decl":{"start":{"line":27,"column":55},"end":{"line":27,"column":56}},"loc":{"start":{"line":27,"column":70},"end":{"line":31,"column":5}},"line":27},"3":{"name":"(anonymous_3)","decl":{"start":{"line":32,"column":13},"end":{"line":32,"column":14}},"loc":{"start":{"line":32,"column":20},"end":{"line":32,"column":67}},"line":32},"4":{"name":"(anonymous_4)","decl":{"start":{"line":53,"column":19},"end":{"line":53,"column":20}},"loc":{"start":{"line":53,"column":28},"end":{"line":59,"column":1}},"line":53},"5":{"name":"(anonymous_5)","decl":{"start":{"line":55,"column":10},"end":{"line":55,"column":11}},"loc":{"start":{"line":55,"column":22},"end":{"line":55,"column":45}},"line":55},"6":{"name":"(anonymous_6)","decl":{"start":{"line":60,"column":22},"end":{"line":60,"column":23}},"loc":{"start":{"line":60,"column":31},"end":{"line":63,"column":1}},"line":60},"7":{"name":"(anonymous_7)","decl":{"start":{"line":61,"column":28},"end":{"line":61,"column":29}},"loc":{"start":{"line":61,"column":37},"end":{"line":61,"column":62}},"line":61}},"branchMap":{},"s":{"0":1,"1":1,"2":2,"3":2,"4":2,"5":1,"6":1,"7":2,"8":1,"9":0,"10":0,"11":0,"12":0,"13":0,"14":0,"15":1,"16":0,"17":0,"18":0,"19":1},"f":{"0":2,"1":2,"2":1,"3":1,"4":0,"5":0,"6":0,"7":0},"b":{},"_coverageSchema":"1a1c01bbd47fc00a2c39e90264f33305004495a9","hash":"66a297d4e26340931dca76e639827bad312d86d5"}
,"C:\\Users\\PC USER\\Desktop\\LABORATORIA\\MD-LINKS\\LIM013-fe-md-links\\src\\util.js": {"path":"C:\\Users\\PC USER\\Desktop\\LABORATORIA\\MD-LINKS\\LIM013-fe-md-links\\src\\util.js","statementMap":{"0":{"start":{"line":1,"column":11},"end":{"line":1,"column":24}},"1":{"start":{"line":2,"column":13},"end":{"line":2,"column":28}},"2":{"start":{"line":7,"column":18},"end":{"line":10,"column":1}},"3":{"start":{"line":8,"column":25},"end":{"line":8,"column":47}},"4":{"start":{"line":9,"column":2},"end":{"line":9,"column":24}},"5":{"start":{"line":11,"column":21},"end":{"line":14,"column":1}},"6":{"start":{"line":12,"column":28},"end":{"line":12,"column":52}},"7":{"start":{"line":13,"column":2},"end":{"line":13,"column":27}},"8":{"start":{"line":16,"column":30},"end":{"line":18,"column":1}},"9":{"start":{"line":17,"column":2},"end":{"line":17,"column":57}},"10":{"start":{"line":19,"column":15},"end":{"line":22,"column":1}},"11":{"start":{"line":20,"column":22},"end":{"line":20,"column":51}},"12":{"start":{"line":21,"column":2},"end":{"line":21,"column":21}},"13":{"start":{"line":23,"column":17},"end":{"line":26,"column":1}},"14":{"start":{"line":24,"column":22},"end":{"line":24,"column":79}},"15":{"start":{"line":25,"column":2},"end":{"line":25,"column":21}},"16":{"start":{"line":27,"column":22},"end":{"line":30,"column":1}},"17":{"start":{"line":28,"column":17},"end":{"line":28,"column":40}},"18":{"start":{"line":29,"column":2},"end":{"line":29,"column":16}},"19":{"start":{"line":31,"column":14},"end":{"line":34,"column":1}},"20":{"start":{"line":32,"column":17},"end":{"line":32,"column":38}},"21":{"start":{"line":33,"column":2},"end":{"line":33,"column":16}},"22":{"start":{"line":36,"column":20},"end":{"line":49,"column":1}},"23":{"start":{"line":37,"column":17},"end":{"line":37,"column":19}},"24":{"start":{"line":38,"column":2},"end":{"line":46,"column":3}},"25":{"start":{"line":39,"column":4},"end":{"line":39,"column":27}},"26":{"start":{"line":41,"column":4},"end":{"line":45,"column":7}},"27":{"start":{"line":42,"column":27},"end":{"line":42,"column":51}},"28":{"start":{"line":43,"column":24},"end":{"line":43,"column":49}},"29":{"start":{"line":44,"column":6},"end":{"line":44,"column":44}},"30":{"start":{"line":47,"column":17},"end":{"line":47,"column":61}},"31":{"start":{"line":47,"column":41},"end":{"line":47,"column":60}},"32":{"start":{"line":48,"column":2},"end":{"line":48,"column":16}},"33":{"start":{"line":51,"column":24},"end":{"line":68,"column":1}},"34":{"start":{"line":52,"column":16},"end":{"line":52,"column":18}},"35":{"start":{"line":53,"column":18},"end":{"line":53,"column":48}},"36":{"start":{"line":54,"column":2},"end":{"line":65,"column":5}},"37":{"start":{"line":55,"column":18},"end":{"line":55,"column":43}},"38":{"start":{"line":56,"column":18},"end":{"line":56,"column":87}},"39":{"start":{"line":56,"column":57},"end":{"line":56,"column":86}},"40":{"start":{"line":57,"column":17},"end":{"line":57,"column":82}},"41":{"start":{"line":57,"column":56},"end":{"line":57,"column":81}},"42":{"start":{"line":58,"column":4},"end":{"line":64,"column":7}},"43":{"start":{"line":59,"column":6},"end":{"line":63,"column":9}},"44":{"start":{"line":67,"column":2},"end":{"line":67,"column":15}},"45":{"start":{"line":70,"column":0},"end":{"line":80,"column":2}}},"fnMap":{"0":{"name":"(anonymous_0)","decl":{"start":{"line":7,"column":18},"end":{"line":7,"column":19}},"loc":{"start":{"line":7,"column":31},"end":{"line":10,"column":1}},"line":7},"1":{"name":"(anonymous_1)","decl":{"start":{"line":11,"column":21},"end":{"line":11,"column":22}},"loc":{"start":{"line":11,"column":34},"end":{"line":14,"column":1}},"line":11},"2":{"name":"(anonymous_2)","decl":{"start":{"line":16,"column":30},"end":{"line":16,"column":31}},"loc":{"start":{"line":17,"column":2},"end":{"line":17,"column":57}},"line":17},"3":{"name":"(anonymous_3)","decl":{"start":{"line":19,"column":15},"end":{"line":19,"column":16}},"loc":{"start":{"line":19,"column":28},"end":{"line":22,"column":1}},"line":19},"4":{"name":"(anonymous_4)","decl":{"start":{"line":23,"column":17},"end":{"line":23,"column":18}},"loc":{"start":{"line":23,"column":30},"end":{"line":26,"column":1}},"line":23},"5":{"name":"(anonymous_5)","decl":{"start":{"line":27,"column":22},"end":{"line":27,"column":23}},"loc":{"start":{"line":27,"column":35},"end":{"line":30,"column":1}},"line":27},"6":{"name":"(anonymous_6)","decl":{"start":{"line":31,"column":14},"end":{"line":31,"column":15}},"loc":{"start":{"line":31,"column":27},"end":{"line":34,"column":1}},"line":31},"7":{"name":"(anonymous_7)","decl":{"start":{"line":36,"column":20},"end":{"line":36,"column":21}},"loc":{"start":{"line":36,"column":33},"end":{"line":49,"column":1}},"line":36},"8":{"name":"(anonymous_8)","decl":{"start":{"line":41,"column":35},"end":{"line":41,"column":36}},"loc":{"start":{"line":41,"column":45},"end":{"line":45,"column":5}},"line":41},"9":{"name":"(anonymous_9)","decl":{"start":{"line":47,"column":33},"end":{"line":47,"column":34}},"loc":{"start":{"line":47,"column":41},"end":{"line":47,"column":60}},"line":47},"10":{"name":"(anonymous_10)","decl":{"start":{"line":51,"column":24},"end":{"line":51,"column":25}},"loc":{"start":{"line":51,"column":37},"end":{"line":68,"column":1}},"line":51},"11":{"name":"(anonymous_11)","decl":{"start":{"line":54,"column":31},"end":{"line":54,"column":32}},"loc":{"start":{"line":54,"column":41},"end":{"line":65,"column":3}},"line":54},"12":{"name":"(anonymous_12)","decl":{"start":{"line":56,"column":50},"end":{"line":56,"column":51}},"loc":{"start":{"line":56,"column":57},"end":{"line":56,"column":86}},"line":56},"13":{"name":"(anonymous_13)","decl":{"start":{"line":57,"column":49},"end":{"line":57,"column":50}},"loc":{"start":{"line":57,"column":56},"end":{"line":57,"column":81}},"line":57},"14":{"name":"(anonymous_14)","decl":{"start":{"line":58,"column":18},"end":{"line":58,"column":19}},"loc":{"start":{"line":58,"column":31},"end":{"line":64,"column":5}},"line":58}},"branchMap":{"0":{"loc":{"start":{"line":17,"column":2},"end":{"line":17,"column":57}},"type":"cond-expr","locations":[{"start":{"line":17,"column":26},"end":{"line":17,"column":33}},{"start":{"line":17,"column":36},"end":{"line":17,"column":57}}],"line":17},"1":{"loc":{"start":{"line":38,"column":2},"end":{"line":46,"column":3}},"type":"if","locations":[{"start":{"line":38,"column":2},"end":{"line":46,"column":3}},{"start":{"line":38,"column":2},"end":{"line":46,"column":3}}],"line":38}},"s":{"0":2,"1":2,"2":2,"3":1,"4":1,"5":2,"6":3,"7":3,"8":2,"9":2,"10":2,"11":7,"12":7,"13":2,"14":5,"15":5,"16":2,"17":3,"18":3,"19":2,"20":9,"21":9,"22":2,"23":6,"24":6,"25":4,"26":2,"27":4,"28":4,"29":4,"30":6,"31":8,"32":6,"33":2,"34":1,"35":1,"36":1,"37":2,"38":2,"39":2,"40":2,"41":2,"42":2,"43":2,"44":1,"45":2},"f":{"0":1,"1":3,"2":2,"3":7,"4":5,"5":3,"6":9,"7":6,"8":4,"9":8,"10":1,"11":2,"12":2,"13":2,"14":2},"b":{"0":[1,1],"1":[4,2]},"_coverageSchema":"1a1c01bbd47fc00a2c39e90264f33305004495a9","hash":"1fc1e58f58dc9e72bc479816ab87bbf24ce5d00d"}
}
