{"C:\\Users\\PC USER\\Desktop\\LABORATORIA\\MD-LINKS\\LIM013-fe-md-links\\src\\index.js": {"path":"C:\\Users\\PC USER\\Desktop\\LABORATORIA\\MD-LINKS\\LIM013-fe-md-links\\src\\index.js","statementMap":{"0":{"start":{"line":5,"column":2},"end":{"line":5,"column":15}},"1":{"start":{"line":7,"column":0},"end":{"line":7,"column":21}},"2":{"start":{"line":9,"column":14},"end":{"line":9,"column":30}},"3":{"start":{"line":11,"column":0},"end":{"line":11,"column":41}},"4":{"start":{"line":12,"column":0},"end":{"line":12,"column":26}}},"fnMap":{"0":{"name":"sum","decl":{"start":{"line":4,"column":9},"end":{"line":4,"column":12}},"loc":{"start":{"line":4,"column":19},"end":{"line":6,"column":1}},"line":4}},"branchMap":{},"s":{"0":1,"1":1,"2":1,"3":1,"4":1},"f":{"0":1},"b":{},"_coverageSchema":"1a1c01bbd47fc00a2c39e90264f33305004495a9","hash":"7b4dd86d3069e98834739f55a2d8465fbadbe65f"}
}
