TN:
SF:src\md-links.js
FN:7,(anonymous_0)
FN:11,(anonymous_1)
FN:16,(anonymous_2)
FN:19,(anonymous_3)
FN:24,(anonymous_4)
FN:28,(anonymous_5)
FN:33,(anonymous_6)
FN:38,(anonymous_7)
FN:43,(anonymous_8)
FN:49,(anonymous_9)
FNF:10
FNH:10
FNDA:1,(anonymous_0)
FNDA:2,(anonymous_1)
FNDA:1,(anonymous_2)
FNDA:8,(anonymous_3)
FNDA:1,(anonymous_4)
FNDA:4,(anonymous_5)
FNDA:9,(anonymous_6)
FNDA:6,(anonymous_7)
FNDA:4,(anonymous_8)
FNDA:8,(anonymous_9)
DA:1,1
DA:2,1
DA:3,1
DA:5,1
DA:7,1
DA:8,1
DA:9,1
DA:11,1
DA:12,2
DA:13,2
DA:16,1
DA:17,1
DA:19,1
DA:20,8
DA:21,8
DA:23,1
DA:24,1
DA:25,1
DA:26,1
DA:28,1
DA:29,4
DA:30,4
DA:32,1
DA:33,1
DA:34,9
DA:35,9
DA:38,1
DA:39,6
DA:40,6
DA:41,4
DA:43,2
DA:44,4
DA:45,4
DA:46,4
DA:49,8
DA:50,6
DA:52,1
DA:53,1
LF:38
LH:38
BRDA:17,0,0,0
BRDA:17,0,1,1
BRDA:40,1,0,4
BRDA:40,1,1,2
BRF:4
BRH:3
end_of_record
