TN:
SF:src\options.js
FN:24,(anonymous_0)
FN:26,(anonymous_1)
FN:27,(anonymous_2)
FN:32,(anonymous_3)
FN:53,(anonymous_4)
FN:55,(anonymous_5)
FN:60,(anonymous_6)
FN:61,(anonymous_7)
FNF:8
FNH:4
FNDA:2,(anonymous_0)
FNDA:2,(anonymous_1)
FNDA:1,(anonymous_2)
FNDA:1,(anonymous_3)
FNDA:0,(anonymous_4)
FNDA:0,(anonymous_5)
FNDA:0,(anonymous_6)
FNDA:0,(anonymous_7)
DA:1,1
DA:24,1
DA:25,2
DA:26,2
DA:27,2
DA:32,1
DA:34,2
DA:53,1
DA:54,0
DA:55,0
DA:56,0
DA:57,0
DA:58,0
DA:60,1
DA:61,0
DA:62,0
DA:64,1
LF:17
LH:10
BRF:0
BRH:0
end_of_record
TN:
SF:src\util.js
FN:7,(anonymous_0)
FN:11,(anonymous_1)
FN:16,(anonymous_2)
FN:19,(anonymous_3)
FN:23,(anonymous_4)
FN:27,(anonymous_5)
FN:31,(anonymous_6)
FN:36,(anonymous_7)
FN:41,(anonymous_8)
FN:47,(anonymous_9)
FN:51,(anonymous_10)
FN:54,(anonymous_11)
FN:56,(anonymous_12)
FN:57,(anonymous_13)
FN:58,(anonymous_14)
FNF:15
FNH:15
FNDA:1,(anonymous_0)
FNDA:3,(anonymous_1)
FNDA:2,(anonymous_2)
FNDA:7,(anonymous_3)
FNDA:5,(anonymous_4)
FNDA:3,(anonymous_5)
FNDA:9,(anonymous_6)
FNDA:6,(anonymous_7)
FNDA:4,(anonymous_8)
FNDA:8,(anonymous_9)
FNDA:1,(anonymous_10)
FNDA:2,(anonymous_11)
FNDA:2,(anonymous_12)
FNDA:2,(anonymous_13)
FNDA:2,(anonymous_14)
DA:1,2
DA:2,2
DA:7,2
DA:8,1
DA:9,1
DA:11,2
DA:12,3
DA:13,3
DA:16,2
DA:17,2
DA:19,2
DA:20,7
DA:21,7
DA:23,2
DA:24,5
DA:25,5
DA:27,2
DA:28,3
DA:29,3
DA:31,2
DA:32,9
DA:33,9
DA:36,2
DA:37,6
DA:38,6
DA:39,4
DA:41,2
DA:42,4
DA:43,4
DA:44,4
DA:47,8
DA:48,6
DA:51,2
DA:52,1
DA:53,1
DA:54,1
DA:55,2
DA:56,2
DA:57,2
DA:58,2
DA:59,2
DA:67,1
DA:70,2
LF:43
LH:43
BRDA:17,0,0,1
BRDA:17,0,1,1
BRDA:38,1,0,4
BRDA:38,1,1,2
BRF:4
BRH:4
end_of_record
